<?xml version="1.0" encoding="UTF-8"?>
<testng-results skipped="0" failed="0" total="1" passed="1">
  <reporter-output>
  </reporter-output>
  <suite name="Default suite" duration-ms="419540" started-at="2019-06-21T15:28:48Z" finished-at="2019-06-21T15:35:47Z">
    <groups>
    </groups>
    <test name="Default test" duration-ms="419540" started-at="2019-06-21T15:28:48Z" finished-at="2019-06-21T15:35:47Z">
      <class name="com.test.PageObjectModel.loginPage.VerifyStoreList">
        <test-method status="PASS" signature="setup()[pri:0, instance:com.test.PageObjectModel.loginPage.VerifyStoreList@737996a0]" name="setup" is-config="true" duration-ms="53605" started-at="2019-06-21T20:58:48Z" finished-at="2019-06-21T20:59:42Z">
          <reporter-output>
          </reporter-output>
        </test-method> <!-- setup -->
        <test-method status="PASS" signature="verifyStoreName()[pri:0, instance:com.test.PageObjectModel.loginPage.VerifyStoreList@737996a0]" name="verifyStoreName" duration-ms="362795" started-at="2019-06-21T20:59:42Z" finished-at="2019-06-21T21:05:44Z">
          <reporter-output>
          </reporter-output>
        </test-method> <!-- verifyStoreName -->
        <test-method status="PASS" signature="tearDown()[pri:0, instance:com.test.PageObjectModel.loginPage.VerifyStoreList@737996a0]" name="tearDown" is-config="true" duration-ms="2899" started-at="2019-06-21T21:05:45Z" finished-at="2019-06-21T21:05:47Z">
          <reporter-output>
          </reporter-output>
        </test-method> <!-- tearDown -->
      </class> <!-- com.test.PageObjectModel.loginPage.VerifyStoreList -->
    </test> <!-- Default test -->
  </suite> <!-- Default suite -->
</testng-results>
