<?xml version="1.0" encoding="UTF-8"?>
<testng-results skipped="0" failed="0" total="1" passed="1">
  <reporter-output>
  </reporter-output>
  <suite name="Default suite" duration-ms="85469" started-at="2019-06-22T11:32:19Z" finished-at="2019-06-22T11:33:45Z">
    <groups>
    </groups>
    <test name="Default test" duration-ms="85469" started-at="2019-06-22T11:32:19Z" finished-at="2019-06-22T11:33:45Z">
      <class name="com.test.PageObjectModel.loginPage.VerifyStoreList">
        <test-method status="PASS" signature="setup()[pri:0, instance:com.test.PageObjectModel.loginPage.VerifyStoreList@737996a0]" name="setup" is-config="true" duration-ms="8233" started-at="2019-06-22T17:02:19Z" finished-at="2019-06-22T17:02:28Z">
          <reporter-output>
          </reporter-output>
        </test-method> <!-- setup -->
        <test-method status="PASS" signature="verifyStoreName()[pri:0, instance:com.test.PageObjectModel.loginPage.VerifyStoreList@737996a0]" name="verifyStoreName" duration-ms="76061" started-at="2019-06-22T17:02:28Z" finished-at="2019-06-22T17:03:44Z">
          <reporter-output>
          </reporter-output>
        </test-method> <!-- verifyStoreName -->
        <test-method status="PASS" signature="tearDown()[pri:0, instance:com.test.PageObjectModel.loginPage.VerifyStoreList@737996a0]" name="tearDown" is-config="true" duration-ms="1155" started-at="2019-06-22T17:03:44Z" finished-at="2019-06-22T17:03:45Z">
          <reporter-output>
          </reporter-output>
        </test-method> <!-- tearDown -->
      </class> <!-- com.test.PageObjectModel.loginPage.VerifyStoreList -->
    </test> <!-- Default test -->
  </suite> <!-- Default suite -->
</testng-results>
